#
# A fatal error has been detected by the Java Runtime Environment:
#
#  EXCEPTION_ACCESS_VIOLATION (0xc0000005) at pc=0x00007ffe6d0cc3a2, pid=31308, tid=0x000000000000744c
#
# JRE version: OpenJDK Runtime Environment (8.0_302-b08) (build 1.8.0_302-b08)
# Java VM: OpenJDK 64-Bit Server VM (25.302-b08 mixed mode windows-amd64 compressed oops)
# Problematic frame:
# C  [igxelpicd64.dll+0x2bc3a2]
#
# Failed to write core dump. Minidumps are not enabled by default on client versions of Windows
#
# If you would like to submit a bug report, please visit:
#   https://github.com/adoptium/adoptium-support/issues
#

---------------  T H R E A D  ---------------

Current thread (0x000001df390db800):  VMThread [stack: 0x000000c382300000,0x000000c382400000] [id=29772]

siginfo: ExceptionCode=0xc0000005, reading address 0x0000000000035888

Registers:
RAX=0x000001df481c8988, RBX=0x000001df481c8880, RCX=0x0000000000000000, RDX=0x00000000fffffff0
RSP=0x000000c3823fe3c0, RBP=0x0000000000000000, RSI=0x000001df481c8e50, RDI=0x000001df3cde3040
R8 =0x0000000000000014, R9 =0x0000000000000000, R10=0x0000000000000000, R11=0x0000000000000246
R12=0x000001df3ce2ca00, R13=0x000001df481bf190, R14=0x0000000000003500, R15=0x0000000000000016
RIP=0x00007ffe6d0cc3a2, EFLAGS=0x0000000000010206

Top of Stack: (sp=0x000000c3823fe3c0)
0x000000c3823fe3c0:   000001df3cee8110 0000000000000000
0x000000c3823fe3d0:   0000000000000000 00007fff00c12c94
0x000000c3823fe3e0:   0000000000000000 0000000000000000
0x000000c3823fe3f0:   0000000000000000 0000000000000000
0x000000c3823fe400:   0000000000000013 00000000000035bb
0x000000c3823fe410:   0000b802001c0000 000001df3ce2ca18
0x000000c3823fe420:   0000000000000000 0000000000000000
0x000000c3823fe430:   000000c3823fe540 00007ffe6d0bbdb7
0x000000c3823fe440:   000001df3cee8110 000001df3cde3040
0x000000c3823fe450:   0000000000000000 000001df24931600
0x000000c3823fe460:   000000c3002514a8 0000000000000000
0x000000c3823fe470:   0000000000000000 3030303038313964
0x000000c3823fe480:   0000000000000002 0000670ae9df300c
0x000000c3823fe490:   0000000075d5e950 000001df22f665e8
0x000000c3823fe4a0:   000001df22f40f90 3030303030613838
0x000000c3823fe4b0:   000000c3823fe5c0 0000670ae9df303c 

Instructions: (pc=0x00007ffe6d0cc3a2)
0x00007ffe6d0cc382:   83 74 01 00 00 4a 8d 04 cd 21 00 00 00 49 03 c1
0x00007ffe6d0cc392:   48 8d 04 c3 48 85 c0 0f 85 4a 01 00 00 49 8b ca
0x00007ffe6d0cc3a2:   48 3b 8d 88 58 03 00 0f 87 a8 4c 6c 00 48 8d 93
0x00007ffe6d0cc3b2:   08 01 00 00 4c 39 93 48 06 00 00 0f 85 13 4e 6c 


Register to memory mapping:

RAX=0x000001df481c8988 is an unknown value
RBX=0x000001df481c8880 is an unknown value
RCX=0x0000000000000000 is an unknown value
RDX=0x00000000fffffff0 is an unallocated location in the heap
RSP=0x000000c3823fe3c0 is an unknown value
RBP=0x0000000000000000 is an unknown value
RSI=0x000001df481c8e50 is an unknown value
RDI=0x000001df3cde3040 is an unknown value
R8 =0x0000000000000014 is an unknown value
R9 =0x0000000000000000 is an unknown value
R10=0x0000000000000000 is an unknown value
R11=0x0000000000000246 is an unknown value
R12=0x000001df3ce2ca00 is an unknown value
R13=0x000001df481bf190 is an unknown value
R14=0x0000000000003500 is an unknown value
R15=0x0000000000000016 is an unknown value


Stack: [0x000000c382300000,0x000000c382400000],  sp=0x000000c3823fe3c0,  free space=1016k
Native frames: (J=compiled Java code, j=interpreted, Vv=VM code, C=native code)

VM_Operation (0x000000c3833fefd0): Exit, mode: safepoint, requested by thread 0x000001df3d53c000


---------------  P R O C E S S  ---------------

Java Threads: ( => current thread )
  0x000001df3d53c000 JavaThread "SIGINT handler" daemon [_thread_blocked, id=18900, stack(0x000000c383300000,0x000000c383400000)]
  0x000001df22f42000 JavaThread "DestroyJavaVM" [_thread_blocked, id=4652, stack(0x000000c381a00000,0x000000c381b00000)]
  0x000001df3b71b000 JavaThread "Animation Thread" [_thread_blocked, id=8992, stack(0x000000c383500000,0x000000c383600000)]
  0x000001df3b6b3800 JavaThread "AWT-EventQueue-0" [_thread_blocked, id=30024, stack(0x000000c383200000,0x000000c383300000)]
  0x000001df3b5fb000 JavaThread "AWT-Shutdown" [_thread_blocked, id=16888, stack(0x000000c383000000,0x000000c383100000)]
  0x000001df3b5fa000 JavaThread "Java2D Disposer" daemon [_thread_blocked, id=17932, stack(0x000000c382f00000,0x000000c383000000)]
  0x000001df3b119000 JavaThread "Service Thread" daemon [_thread_blocked, id=16580, stack(0x000000c382d00000,0x000000c382e00000)]
  0x000001df3b087000 JavaThread "C1 CompilerThread3" daemon [_thread_blocked, id=26616, stack(0x000000c382c00000,0x000000c382d00000)]
  0x000001df3b07f000 JavaThread "C2 CompilerThread2" daemon [_thread_blocked, id=10836, stack(0x000000c382b00000,0x000000c382c00000)]
  0x000001df3b07d800 JavaThread "C2 CompilerThread1" daemon [_thread_blocked, id=14008, stack(0x000000c382a00000,0x000000c382b00000)]
  0x000001df3b07d000 JavaThread "C2 CompilerThread0" daemon [_thread_blocked, id=30052, stack(0x000000c382900000,0x000000c382a00000)]
  0x000001df3b078800 JavaThread "Monitor Ctrl-Break" daemon [_thread_in_native, id=26988, stack(0x000000c382800000,0x000000c382900000)]
  0x000001df3913a000 JavaThread "Attach Listener" daemon [_thread_blocked, id=1548, stack(0x000000c382700000,0x000000c382800000)]
  0x000001df39114800 JavaThread "Finalizer" daemon [_thread_blocked, id=12944, stack(0x000000c382500000,0x000000c382600000)]
  0x000001df3910d000 JavaThread "Reference Handler" daemon [_thread_blocked, id=27400, stack(0x000000c382400000,0x000000c382500000)]

Other Threads:
=>0x000001df390db800 VMThread [stack: 0x000000c382300000,0x000000c382400000] [id=29772]

VM state:at safepoint (shutting down)

VM Mutex/Monitor currently owned by a thread:  ([mutex/lock_event])
[0x000001df22f3f480] Threads_lock - owner thread: 0x000001df390db800

heap address: 0x0000000083600000, size: 1994 MB, Compressed Oops mode: 32-bit
Narrow klass base: 0x0000000000000000, Narrow klass shift: 3
Compressed class space size: 1073741824 Address: 0x0000000100000000

Heap:
 PSYoungGen      total 37888K, used 12169K [0x00000000d6780000, 0x00000000d9180000, 0x0000000100000000)
  eden space 32768K, 21% used [0x00000000d6780000,0x00000000d6e65938,0x00000000d8780000)
  from space 5120K, 99% used [0x00000000d8c80000,0x00000000d917cae0,0x00000000d9180000)
  to   space 5120K, 0% used [0x00000000d8780000,0x00000000d8780000,0x00000000d8c80000)
 ParOldGen       total 86016K, used 14396K [0x0000000083600000, 0x0000000088a00000, 0x00000000d6780000)
  object space 86016K, 16% used [0x0000000083600000,0x000000008440f278,0x0000000088a00000)
 Metaspace       used 20045K, capacity 20245K, committed 20608K, reserved 1067008K
  class space    used 2010K, capacity 2090K, committed 2176K, reserved 1048576K

Card table byte_map: [0x000001df33de0000,0x000001df341d0000] byte_map_base: 0x000001df339c5000

Marking Bits: (ParMarkBitMap*) 0x0000000075dac820
 Begin Bits: [0x000001df34470000, 0x000001df36398000)
 End Bits:   [0x000001df36398000, 0x000001df382c0000)

Polling page: 0x000001df23160000

CodeCache: size=245760Kb used=4388Kb max_used=4403Kb free=241371Kb
 bounds [0x000001df24a20000, 0x000001df24e80000, 0x000001df33a20000]
 total_blobs=2030 nmethods=1138 adapters=804
 compilation: enabled

Compilation events (10 events):
Event: 3.741 Thread 0x000001df3b087000 1134       3       java.lang.AbstractStringBuilder::append (62 bytes)
Event: 3.742 Thread 0x000001df3b087000 nmethod 1134 0x000001df24e69050 code [0x000001df24e69240, 0x000001df24e69b80]
Event: 3.951 Thread 0x000001df3b087000 1135       3       sun.awt.AWTAutoShutdown::isReadyToShutdown (37 bytes)
Event: 3.951 Thread 0x000001df3b087000 nmethod 1135 0x000001df24e61390 code [0x000001df24e61520, 0x000001df24e618e0]
Event: 4.678 Thread 0x000001df3b087000 1136       3       java.util.IdentityHashMap::isEmpty (13 bytes)
Event: 4.678 Thread 0x000001df3b087000 nmethod 1136 0x000001df24e60f90 code [0x000001df24e610e0, 0x000001df24e61298]
Event: 7.808 Thread 0x000001df3b087000 1138   !   3       sun.awt.AWTAutoShutdown::setToolkitBusy (124 bytes)
Event: 7.808 Thread 0x000001df3b087000 nmethod 1138 0x000001df24e67e50 code [0x000001df24e68020, 0x000001df24e688b0]
Event: 24.945 Thread 0x000001df3b07f000 1139       4       sun.net.www.ParseUtil::encodePath (336 bytes)
Event: 24.962 Thread 0x000001df3b07f000 nmethod 1139 0x000001df24e6ed10 code [0x000001df24e6eea0, 0x000001df24e6fdb8]

GC Heap History (4 events):
Event: 2.009 GC heap before
{Heap before GC invocations=1 (full 0):
 PSYoungGen      total 37888K, used 32768K [0x00000000d6780000, 0x00000000d9180000, 0x0000000100000000)
  eden space 32768K, 100% used [0x00000000d6780000,0x00000000d8780000,0x00000000d8780000)
  from space 5120K, 0% used [0x00000000d8c80000,0x00000000d8c80000,0x00000000d9180000)
  to   space 5120K, 0% used [0x00000000d8780000,0x00000000d8780000,0x00000000d8c80000)
 ParOldGen       total 86016K, used 0K [0x0000000083600000, 0x0000000088a00000, 0x00000000d6780000)
  object space 86016K, 0% used [0x0000000083600000,0x0000000083600000,0x0000000088a00000)
 Metaspace       used 15365K, capacity 15529K, committed 15744K, reserved 1062912K
  class space    used 1514K, capacity 1592K, committed 1664K, reserved 1048576K
Event: 2.017 GC heap after
Heap after GC invocations=1 (full 0):
 PSYoungGen      total 37888K, used 5105K [0x00000000d6780000, 0x00000000d9180000, 0x0000000100000000)
  eden space 32768K, 0% used [0x00000000d6780000,0x00000000d6780000,0x00000000d8780000)
  from space 5120K, 99% used [0x00000000d8780000,0x00000000d8c7c6a0,0x00000000d8c80000)
  to   space 5120K, 0% used [0x00000000d8c80000,0x00000000d8c80000,0x00000000d9180000)
 ParOldGen       total 86016K, used 6149K [0x0000000083600000, 0x0000000088a00000, 0x00000000d6780000)
  object space 86016K, 7% used [0x0000000083600000,0x0000000083c01438,0x0000000088a00000)
 Metaspace       used 15365K, capacity 15529K, committed 15744K, reserved 1062912K
  class space    used 1514K, capacity 1592K, committed 1664K, reserved 1048576K
}
Event: 3.684 GC heap before
{Heap before GC invocations=2 (full 0):
 PSYoungGen      total 37888K, used 37873K [0x00000000d6780000, 0x00000000d9180000, 0x0000000100000000)
  eden space 32768K, 100% used [0x00000000d6780000,0x00000000d8780000,0x00000000d8780000)
  from space 5120K, 99% used [0x00000000d8780000,0x00000000d8c7c6a0,0x00000000d8c80000)
  to   space 5120K, 0% used [0x00000000d8c80000,0x00000000d8c80000,0x00000000d9180000)
 ParOldGen       total 86016K, used 6149K [0x0000000083600000, 0x0000000088a00000, 0x00000000d6780000)
  object space 86016K, 7% used [0x0000000083600000,0x0000000083c01438,0x0000000088a00000)
 Metaspace       used 19084K, capacity 19355K, committed 19456K, reserved 1067008K
  class space    used 1906K, capacity 1989K, committed 2048K, reserved 1048576K
Event: 3.693 GC heap after
Heap after GC invocations=2 (full 0):
 PSYoungGen      total 37888K, used 5106K [0x00000000d6780000, 0x00000000d9180000, 0x0000000100000000)
  eden space 32768K, 0% used [0x00000000d6780000,0x00000000d6780000,0x00000000d8780000)
  from space 5120K, 99% used [0x00000000d8c80000,0x00000000d917cae0,0x00000000d9180000)
  to   space 5120K, 0% used [0x00000000d8780000,0x00000000d8780000,0x00000000d8c80000)
 ParOldGen       total 86016K, used 14396K [0x0000000083600000, 0x0000000088a00000, 0x00000000d6780000)
  object space 86016K, 16% used [0x0000000083600000,0x000000008440f278,0x0000000088a00000)
 Metaspace       used 19084K, capacity 19355K, committed 19456K, reserved 1067008K
  class space    used 1906K, capacity 1989K, committed 2048K, reserved 1048576K
}

Deoptimization events (8 events):
Event: 0.309 Thread 0x000001df22f42000 Uncommon trap: reason=null_check action=make_not_entrant pc=0x000001df24baa370 method=java.lang.String.equals(Ljava/lang/Object;)Z @ 8
Event: 0.520 Thread 0x000001df3b71b000 Uncommon trap: reason=unstable_if action=reinterpret pc=0x000001df24bf81fc method=java.lang.String.indexOf([CII[CIII)I @ 3
Event: 3.483 Thread 0x000001df3b6b3800 Uncommon trap: reason=unstable_if action=reinterpret pc=0x000001df24d85f60 method=com.jogamp.common.util.IntIntHashMap.get(I)I @ 19
Event: 3.533 Thread 0x000001df3b6b3800 Uncommon trap: reason=unstable_if action=reinterpret pc=0x000001df24d39134 method=java.lang.reflect.AccessibleObject.setAccessible0(Ljava/lang/reflect/AccessibleObject;Z)V @ 4
Event: 3.569 Thread 0x000001df3b6b3800 Uncommon trap: reason=unstable_if action=reinterpret pc=0x000001df24da051c method=java.util.HashMap.putVal(ILjava/lang/Object;Ljava/lang/Object;ZZ)Ljava/lang/Object; @ 236
Event: 3.722 Thread 0x000001df3b6b3800 Uncommon trap: reason=unstable_if action=reinterpret pc=0x000001df24d1cb50 method=java.lang.Integer.getChars(II[C)V @ 20
Event: 3.753 Thread 0x000001df3b6b3800 Uncommon trap: reason=unstable_if action=reinterpret pc=0x000001df24d99a1c method=java.lang.CharacterDataLatin1.digit(II)I @ 82
Event: 4.130 Thread 0x000001df3b6b3800 Uncommon trap: reason=predicate action=maybe_recompile pc=0x000001df24d676c4 method=sun.net.www.ParseUtil.encodePath(Ljava/lang/String;Z)Ljava/lang/String; @ 36

Classes redefined (0 events):
No events

Internal exceptions (10 events):
Event: 0.173 Thread 0x000001df22f42000 Exception <a 'java/io/FileNotFoundException'> (0x00000000d6bb9160) thrown at [J:\jenkins\tmp\workspace\build\src\hotspot\src\share\vm\prims\jni.cpp, line 711]
Event: 0.198 Thread 0x000001df22f42000 Exception <a 'java/lang/NoSuchFieldError': method resolution failed> (0x00000000d6ceba70) thrown at [J:\jenkins\tmp\workspace\build\src\hotspot\src\share\vm\prims\methodHandles.cpp, line 1176]
Event: 0.199 Thread 0x000001df22f42000 Exception <a 'java/lang/NoSuchFieldError': method resolution failed> (0x00000000d6cf9690) thrown at [J:\jenkins\tmp\workspace\build\src\hotspot\src\share\vm\prims\methodHandles.cpp, line 1176]
Event: 0.253 Thread 0x000001df22f42000 Exception <a 'java/lang/ClassNotFoundException': sun/dc/DuctusRenderingEngine> (0x00000000d7045bd0) thrown at [J:\jenkins\tmp\workspace\build\src\hotspot\src\share\vm\classfile\systemDictionary.cpp, line 217]
Event: 0.265 Thread 0x000001df22f42000 Exception <a 'java/io/FileNotFoundException'> (0x00000000d70836d8) thrown at [J:\jenkins\tmp\workspace\build\src\hotspot\src\share\vm\prims\jni.cpp, line 711]
Event: 0.309 Thread 0x000001df22f42000 Implicit null exception at 0x000001df24baa1a2 to 0x000001df24baa361
Event: 0.382 Thread 0x000001df22f42000 Exception <a 'java/lang/NullPointerException'> (0x00000000d7447838) thrown at [J:\jenkins\tmp\workspace\build\src\hotspot\src\share\vm\interpreter\linkResolver.cpp, line 1287]
Event: 2.936 Thread 0x000001df3b71b000 Exception <a 'java/lang/InterruptedException'> (0x00000000d6ce9b60) thrown at [J:\jenkins\tmp\workspace\build\src\hotspot\src\share\vm\runtime\objectMonitor.cpp, line 1692]
Event: 2.968 Thread 0x000001df3b71b000 Exception <a 'java/lang/reflect/InvocationTargetException'> (0x00000000d7e45928) thrown at [J:\jenkins\tmp\workspace\build\src\hotspot\src\share\vm\runtime\reflection.cpp, line 1092]
Event: 3.483 Thread 0x000001df3b6b3800 Implicit null exception at 0x000001df24d85ee5 to 0x000001df24d85f49

Events (10 events):
Event: 24.942 loading class jogamp/opengl/egl/EGLDisplayUtil done
Event: 24.943 loading class com/jogamp/nativewindow/egl/EGLGraphicsDevice$EGLDisplayLifecycleCallback
Event: 24.943 loading class com/jogamp/nativewindow/egl/EGLGraphicsDevice$EGLDisplayLifecycleCallback done
Event: 24.944 loading class jogamp/opengl/egl/EGLDisplayUtil$1
Event: 24.944 loading class jogamp/opengl/egl/EGLDisplayUtil$1 done
Event: 24.945 Thread 0x000001df3d549000 Thread exited: 0x000001df3d549000
Event: 24.952 Thread 0x000001df3b619800 Thread exited: 0x000001df3b619800
Event: 25.031 Thread 0x000001df3d540000 Thread exited: 0x000001df3d540000
Event: 25.033 Thread 0x000001df39140800 Thread exited: 0x000001df39140800
Event: 25.033 Executing VM operation: Exit


Dynamic libraries:
0x00007ff6d16b0000 - 0x00007ff6d16ea000 	C:\Program Files\Eclipse Foundation\jdk-8.0.302.8-hotspot\bin\java.exe
0x00007fff00b70000 - 0x00007fff00d84000 	C:\WINDOWS\SYSTEM32\ntdll.dll
0x00007ffeffd70000 - 0x00007ffeffe33000 	C:\WINDOWS\System32\KERNEL32.DLL
0x00007ffefe050000 - 0x00007ffefe3ec000 	C:\WINDOWS\System32\KERNELBASE.dll
0x00007fff00080000 - 0x00007fff0012e000 	C:\WINDOWS\System32\ADVAPI32.dll
0x00007fff00130000 - 0x00007fff001d7000 	C:\WINDOWS\System32\msvcrt.dll
0x00007ffefffd0000 - 0x00007fff00074000 	C:\WINDOWS\System32\sechost.dll
0x00007ffeffe50000 - 0x00007ffefff65000 	C:\WINDOWS\System32\RPCRT4.dll
0x00007ffefeaf0000 - 0x00007ffefec9d000 	C:\WINDOWS\System32\USER32.dll
0x00007ffefe470000 - 0x00007ffefe496000 	C:\WINDOWS\System32\win32u.dll
0x00007ffefeda0000 - 0x00007ffefedc9000 	C:\WINDOWS\System32\GDI32.dll
0x00007ffefe610000 - 0x00007ffefe723000 	C:\WINDOWS\System32\gdi32full.dll
0x00007ffefdfb0000 - 0x00007ffefe04a000 	C:\WINDOWS\System32\msvcp_win.dll
0x00007ffefe860000 - 0x00007ffefe971000 	C:\WINDOWS\System32\ucrtbase.dll
0x00007ffee8280000 - 0x00007ffee850e000 	C:\WINDOWS\WinSxS\amd64_microsoft.windows.common-controls_6595b64144ccf1df_6.0.22621.608_none_a9444ca7c10bb01d\COMCTL32.dll
0x00007ffeff020000 - 0x00007ffeff051000 	C:\WINDOWS\System32\IMM32.DLL
0x000001df24930000 - 0x000001df24944000 	C:\WINDOWS\System32\umppc16606.dll
0x00007ffebca60000 - 0x00007ffebcb4f000 	C:\Program Files\Eclipse Foundation\jdk-8.0.302.8-hotspot\jre\bin\msvcr120.dll
0x00007ffebd320000 - 0x00007ffebd3c6000 	C:\Program Files\Eclipse Foundation\jdk-8.0.302.8-hotspot\jre\bin\msvcp120.dll
0x00000000755c0000 - 0x0000000075e2b000 	C:\Program Files\Eclipse Foundation\jdk-8.0.302.8-hotspot\jre\bin\server\jvm.dll
0x00007ffefead0000 - 0x00007ffefead8000 	C:\WINDOWS\System32\PSAPI.DLL
0x00007ffee2140000 - 0x00007ffee2149000 	C:\WINDOWS\SYSTEM32\WSOCK32.dll
0x00007ffefe9d0000 - 0x00007ffefea41000 	C:\WINDOWS\System32\WS2_32.dll
0x00007ffef3680000 - 0x00007ffef36b4000 	C:\WINDOWS\SYSTEM32\WINMM.dll
0x00007ffefcc40000 - 0x00007ffefcc4a000 	C:\WINDOWS\SYSTEM32\VERSION.dll
0x00007ffef26a0000 - 0x00007ffef26af000 	C:\Program Files\Eclipse Foundation\jdk-8.0.302.8-hotspot\jre\bin\verify.dll
0x00007ffedad00000 - 0x00007ffedad29000 	C:\Program Files\Eclipse Foundation\jdk-8.0.302.8-hotspot\jre\bin\java.dll
0x00007ffecfb90000 - 0x00007ffecfbba000 	C:\Program Files\Eclipse Foundation\jdk-8.0.302.8-hotspot\jre\bin\instrument.dll
0x00007ffedacd0000 - 0x00007ffedace6000 	C:\Program Files\Eclipse Foundation\jdk-8.0.302.8-hotspot\jre\bin\zip.dll
0x00007ffeff580000 - 0x00007ffeffd70000 	C:\WINDOWS\System32\SHELL32.dll
0x00007ffefbd60000 - 0x00007ffefc62e000 	C:\WINDOWS\SYSTEM32\windows.storage.dll
0x00007fff007a0000 - 0x00007fff00b29000 	C:\WINDOWS\System32\combase.dll
0x00007ffefbc20000 - 0x00007ffefbd5e000 	C:\WINDOWS\SYSTEM32\wintypes.dll
0x00007ffefedd0000 - 0x00007ffefeec1000 	C:\WINDOWS\System32\SHCORE.dll
0x00007ffefefc0000 - 0x00007ffeff01e000 	C:\WINDOWS\System32\shlwapi.dll
0x00007ffefdee0000 - 0x00007ffefdf01000 	C:\WINDOWS\SYSTEM32\profapi.dll
0x00007ffec7f10000 - 0x00007ffec7f2a000 	C:\Users\User\AppData\Local\JetBrains\IntelliJ IDEA Educational Edition 2022.1.1\bin\breakgen64.dll
0x00007ffedac00000 - 0x00007ffedac1a000 	C:\Program Files\Eclipse Foundation\jdk-8.0.302.8-hotspot\jre\bin\net.dll
0x00007ffefd420000 - 0x00007ffefd489000 	C:\WINDOWS\system32\mswsock.dll
0x00007ffe99260000 - 0x00007ffe993f5000 	C:\Program Files\Eclipse Foundation\jdk-8.0.302.8-hotspot\jre\bin\awt.dll
0x00007ffefeee0000 - 0x00007ffefefb7000 	C:\WINDOWS\System32\OLEAUT32.dll
0x00007ffefa8d0000 - 0x00007ffefa967000 	C:\WINDOWS\SYSTEM32\apphelp.dll
0x00007ffefaec0000 - 0x00007ffefaeeb000 	C:\WINDOWS\system32\DWMAPI.DLL
0x00007ffefaa70000 - 0x00007ffefab1b000 	C:\WINDOWS\system32\uxtheme.dll
0x00007ffee2cb0000 - 0x00007ffee2db0000 	C:\WINDOWS\system32\opengl32.dll
0x00007ffef26b0000 - 0x00007ffef26dd000 	C:\WINDOWS\SYSTEM32\GLU32.dll
0x00007ffefac50000 - 0x00007ffefac86000 	C:\WINDOWS\SYSTEM32\dxcore.dll
0x00007ffeff460000 - 0x00007ffeff57e000 	C:\WINDOWS\System32\MSCTF.dll
0x00007ffeff220000 - 0x00007ffeff3bc000 	C:\WINDOWS\System32\ole32.dll
0x00007ffefcf70000 - 0x00007ffefcf88000 	C:\WINDOWS\SYSTEM32\kernel.appcore.dll
0x00007ffefe3f0000 - 0x00007ffefe46b000 	C:\WINDOWS\System32\bcryptPrimitives.dll
0x00007ffeb2d10000 - 0x00007ffeb2da3000 	C:\Program Files\Eclipse Foundation\jdk-8.0.302.8-hotspot\jre\bin\freetype.dll
0x00007ffea9ab0000 - 0x00007ffea9b6d000 	C:\Program Files\Eclipse Foundation\jdk-8.0.302.8-hotspot\jre\bin\fontmanager.dll
0x00007ffed43f0000 - 0x00007ffed451e000 	C:\WINDOWS\SYSTEM32\textinputframework.dll
0x00007ffefa5f0000 - 0x00007ffefa723000 	C:\WINDOWS\SYSTEM32\CoreMessaging.dll
0x00007ffefd7b0000 - 0x00007ffefd7cb000 	C:\WINDOWS\SYSTEM32\CRYPTSP.dll
0x00007ffeeef70000 - 0x00007ffeef2dc000 	C:\WINDOWS\SYSTEM32\CoreUIComponents.dll
0x00007ffefcf30000 - 0x00007ffefcf65000 	C:\WINDOWS\system32\rsaenh.dll
0x00007ffefd720000 - 0x00007ffefd72c000 	C:\WINDOWS\SYSTEM32\CRYPTBASE.DLL
0x00007ffefd4c0000 - 0x00007ffefd4e8000 	C:\WINDOWS\SYSTEM32\USERENV.dll
0x00007ffefd960000 - 0x00007ffefd988000 	C:\WINDOWS\SYSTEM32\bcrypt.dll
0x00007ffefc870000 - 0x00007ffefc89d000 	C:\WINDOWS\SYSTEM32\IPHLPAPI.DLL
0x00007ffeffe40000 - 0x00007ffeffe49000 	C:\WINDOWS\System32\NSI.dll
0x00007ffef4c70000 - 0x00007ffef4c89000 	C:\WINDOWS\SYSTEM32\dhcpcsvc6.DLL
0x00007ffef4ac0000 - 0x00007ffef4adf000 	C:\WINDOWS\SYSTEM32\dhcpcsvc.DLL
0x00007ffefc8a0000 - 0x00007ffefc993000 	C:\WINDOWS\SYSTEM32\DNSAPI.dll
0x00007ffeda610000 - 0x00007ffeda622000 	C:\Program Files\Eclipse Foundation\jdk-8.0.302.8-hotspot\jre\bin\nio.dll
0x0000000000da0000 - 0x0000000000dad000 	C:\Users\User\AppData\Local\Temp\jogamp_0000\file_cache\jln4920644857241547336\jln2755254929313464445\gluegen-rt.dll
0x00007ffef2080000 - 0x00007ffef2087000 	C:\Program Files\Eclipse Foundation\jdk-8.0.302.8-hotspot\jre\bin\jawt.dll
0x0000000000db0000 - 0x0000000000dbd000 	C:\Users\User\AppData\Local\Temp\jogamp_0000\file_cache\jln4920644857241547336\jln2755254929313464445\nativewindow_awt.dll
0x0000000000dc0000 - 0x0000000000dcf000 	C:\Users\User\AppData\Local\Temp\jogamp_0000\file_cache\jln4920644857241547336\jln2755254929313464445\nativewindow_win32.dll
0x0000000000dd0000 - 0x0000000000e72000 	C:\Users\User\AppData\Local\Temp\jogamp_0000\file_cache\jln4920644857241547336\jln2755254929313464445\jogl_desktop.dll
0x00007ffef2540000 - 0x00007ffef2589000 	C:\WINDOWS\SYSTEM32\directxdatabasehelper.dll
0x00007fff006f0000 - 0x00007fff007a0000 	C:\WINDOWS\System32\clbcatq.dll
0x00007ffe6ce10000 - 0x00007ffe6dde8000 	C:\WINDOWS\System32\DriverStore\FileRepository\iigd_dch.inf_amd64_c529b210005a7e19\igxelpicd64.dll
0x00007ffefac90000 - 0x00007ffefad87000 	C:\WINDOWS\system32\dxgi.dll
0x00007ffe99e60000 - 0x00007ffe99f9e000 	C:\WINDOWS\System32\DriverStore\FileRepository\iigd_dch.inf_amd64_c529b210005a7e19\igdml64.dll
0x00007ffeeba60000 - 0x00007ffeebe50000 	C:\WINDOWS\System32\DriverStore\FileRepository\iigd_dch.inf_amd64_c529b210005a7e19\igdgmm64.dll
0x00007ffee2db0000 - 0x00007ffee73f4000 	C:\WINDOWS\System32\DriverStore\FileRepository\iigd_dch.inf_amd64_c529b210005a7e19\igc64.dll
0x00007ffefd840000 - 0x00007ffefd88d000 	C:\WINDOWS\SYSTEM32\powrprof.dll
0x00007ffefd810000 - 0x00007ffefd823000 	C:\WINDOWS\SYSTEM32\UMPDC.dll
0x00007ffec9a30000 - 0x00007ffec9a53000 	C:\Program Files\Eclipse Foundation\jdk-8.0.302.8-hotspot\jre\bin\sunec.dll
0x00007ffef38c0000 - 0x00007ffef38ca000 	C:\Windows\System32\rasadhlp.dll
0x00007ffef3990000 - 0x00007ffef3a13000 	C:\WINDOWS\System32\fwpuclnt.dll
0x00007ffefb620000 - 0x00007ffefb84e000 	C:\WINDOWS\SYSTEM32\dbghelp.dll

VM Arguments:
jvm_args: -javaagent:C:\Users\User\AppData\Local\JetBrains\IntelliJ IDEA Educational Edition 2022.1.1\lib\idea_rt.jar=63259:C:\Users\User\AppData\Local\JetBrains\IntelliJ IDEA Educational Edition 2022.1.1\bin -Dfile.encoding=UTF-8 
java_command: module3.EarthquakeCityMap EarthquakeCityMap
java_class_path (initial): C:\Program Files\Eclipse Foundation\jdk-8.0.302.8-hotspot\jre\lib\charsets.jar;C:\Program Files\Eclipse Foundation\jdk-8.0.302.8-hotspot\jre\lib\ext\access-bridge-64.jar;C:\Program Files\Eclipse Foundation\jdk-8.0.302.8-hotspot\jre\lib\ext\cldrdata.jar;C:\Program Files\Eclipse Foundation\jdk-8.0.302.8-hotspot\jre\lib\ext\dnsns.jar;C:\Program Files\Eclipse Foundation\jdk-8.0.302.8-hotspot\jre\lib\ext\jaccess.jar;C:\Program Files\Eclipse Foundation\jdk-8.0.302.8-hotspot\jre\lib\ext\localedata.jar;C:\Program Files\Eclipse Foundation\jdk-8.0.302.8-hotspot\jre\lib\ext\nashorn.jar;C:\Program Files\Eclipse Foundation\jdk-8.0.302.8-hotspot\jre\lib\ext\sunec.jar;C:\Program Files\Eclipse Foundation\jdk-8.0.302.8-hotspot\jre\lib\ext\sunjce_provider.jar;C:\Program Files\Eclipse Foundation\jdk-8.0.302.8-hotspot\jre\lib\ext\sunmscapi.jar;C:\Program Files\Eclipse Foundation\jdk-8.0.302.8-hotspot\jre\lib\ext\sunpkcs11.jar;C:\Program Files\Eclipse Foundation\jdk-8.0.302.8-hotspot\jre\lib\ext\zipfs.jar;C:\Program Files\Eclipse Foundation\jdk-8.0.302.8-hotspot\jre\lib\jce.jar;C:\Program Files\Eclipse Foundation\jdk-8.0.302.8-hotspot\jre\lib\jfr.jar;C:\Program Files\Eclipse Foundation\jdk-8.0.302.8-hotspot\jre\lib\jsse.jar;C:\Program Files\Eclipse Foundation\jdk-8.0.302.8-hotspot\jre\lib\management-agent.jar;C:\Program Files\Eclipse Foundation\jdk-8.0.302.8-hotspot\jre\lib\resources.jar;C:\Program Files\Eclipse Foundation\jdk-8.0.302.8-hotspot\jre\lib\rt.jar;C:\Users\User\Downloads\UCSDUnfoldingMaps\out\production\UCSDUnfoldingMaps;C:\Users\User\Downloads\UCSDUnfoldingMaps\lib\unfolding.0.9.7-uscd.jar;C:\Users\User\Downloads\UCSDUnfoldingMaps\lib\gluegen-rt-natives-windows-amd64.jar;C:\Users\User\Downloads\UCSDUnfoldingMaps\lib\gluegen-rt-natives-linux-armv6hf.jar;C:\Users\User\Downloads\UCSDUnfoldingMaps\lib\sqlite-jdbc-3.7.2.jar;C:\Users\User\Downloads\UCSDUnfoldingMaps\lib\jogl-all-natives-linux-i586.jar;C:\Users\User\Downloads\UCSDUnfoldingMaps\lib\glue
Launcher Type: SUN_STANDARD

Environment Variables:
PATH=C:\Program Files (x86)\Common Files\Oracle\Java\javapath;C:\Program Files\Microsoft MPI\Bin\;C:\Program Files\Eclipse Foundation\jdk-8.0.302.8-hotspot\bin;C:\Program Files\Common Files\Oracle\Java\javapath;C:\Windows\system32;C:\Windows;C:\Windows\System32\Wbem;C:\Windows\System32\WindowsPowerShell\v1.0\;C:\Windows\System32\OpenSSH\;C:\Program Files\Microsoft SQL Server\150\Tools\Binn\;C:\Program Files\Microsoft SQL Server\Client SDK\ODBC\170\Tools\Binn\;C:\Program Files\dotnet\;C:\Program Files\Git\cmd;C:\Program Files\nodejs\;C:\WINDOWS\system32;C:\WINDOWS;C:\WINDOWS\System32\Wbem;C:\WINDOWS\System32\WindowsPowerShell\v1.0\;C:\WINDOWS\System32\OpenSSH\;C:\Program Files (x86)\Microsoft SQL Server\150\Tools\Binn\;C:\Program Files\Microsoft SQL Server\150\DTS\Binn\;C:\Program Files (x86)\Microsoft SQL Server\150\DTS\Binn\;C:\Program Files\Azure Data Studio\bin;C:\Program Files\Microsoft SQL Server\130\Tools\Binn\;C:\WINDOWS\system32;C:\WINDOWS;C:\WINDOWS\System32\Wbem;C:\WINDOWS\System32\WindowsPowerShell\v1.0\;C:\WINDOWS\System32\OpenSSH\;C:\Program Files (x86)\Microsoft SQL Server\160\Tools\Binn\;C:\Program Files\Microsoft SQL Server\160\Tools\Binn\;C:\Program Files\Microsoft SQL Server\160\DTS\Binn\;C:\Users\User\Downloads\apache-maven-3.9.0-bin\apache-maven-3.9.0\bin;;C:\Program Files\Docker\Docker\resources\bin;C:\Users\User\AppData\Local\Microsoft\WindowsApps;C:\Users\User\.dotnet\tools;C:\Users\User\AppData\Local\Programs\Microsoft VS Code\bin;C:\Users\User\AppData\Roaming\npm;C:\Users\User\AppData\Local\Programs\mongosh\;;C:\Program Files\Azure Data Studio\bin;C:\Program Files\heroku\bin
USERNAME=User
OS=Windows_NT
PROCESSOR_IDENTIFIER=Intel64 Family 6 Model 140 Stepping 1, GenuineIntel



---------------  S Y S T E M  ---------------

OS: Windows 10.0 , 64 bit Build 22621 (10.0.22621.1344)

CPU:total 8 (initial active 8) (4 cores per cpu, 2 threads per core) family 6 model 140 stepping 1, cmov, cx8, fxsr, mmx, sse, sse2, sse3, ssse3, sse4.1, sse4.2, popcnt, avx, avx2, aes, clmul, erms, 3dnowpref, lzcnt, ht, tsc, tscinvbit, bmi1, bmi2, adx

Memory: 4k page, physical 8166712k(646904k free), swap 22846776k(3543268k free)

vm_info: OpenJDK 64-Bit Server VM (25.302-b08) for windows-amd64 JRE (1.8.0_302-b08), built on Jul 20 2021 21:31:03 by "jenkins" with MS VC++ 12.0 (VS2013)

time: Wed Apr 05 15:02:01 2023
timezone: Russia TZ 2 Standard Time
elapsed time: 25.568042 seconds (0d 0h 0m 25s)

